2025-03-18 23:17:54,830 Error processing 88 card: (sqlite3.OperationalError) table "ET0" already exists
[SQL: 
CREATE TABLE "ET0" (
	"index" BIGINT, 
	"零件号" TEXT, 
	"类型" TEXT, 
	"编号" TEXT, 
	"序号" TEXT, 
	"上公差" TEXT, 
	"下公差" TEXT, 
	"零件1" TEXT, 
	"零件2" TEXT, 
	"零件3" TEXT, 
	"零件4" TEXT
)

]
(Background on this error at: https://sqlalche.me/e/20/e3q8)
2025-03-18 23:17:54,831 Error processing E:/Project/S32/06-零件报告/MDL/外制/敏实/S32-88-右前门导轨总成-K700212760-MDL-2025-02-25.xls: (sqlite3.OperationalError) table "ET0" already exists
[SQL: 
CREATE TABLE "ET0" (
	"index" BIGINT, 
	"零件号" TEXT, 
	"类型" TEXT, 
	"编号" TEXT, 
	"序号" TEXT, 
	"上公差" TEXT, 
	"下公差" TEXT, 
	"零件1" TEXT, 
	"零件2" TEXT, 
	"零件3" TEXT, 
	"零件4" TEXT
)

]
(Background on this error at: https://sqlalche.me/e/20/e3q8)
2025-03-18 23:17:54,832 Error processing 88 card: (sqlite3.OperationalError) table "ET0" already exists
[SQL: 
CREATE TABLE "ET0" (
	"index" BIGINT, 
	"零件号" TEXT, 
	"类型" TEXT, 
	"编号" TEXT, 
	"序号" TEXT, 
	"上公差" TEXT, 
	"下公差" TEXT, 
	"零件1" TEXT, 
	"零件2" TEXT, 
	"零件3" TEXT, 
	"零件4" TEXT
)

]
(Background on this error at: https://sqlalche.me/e/20/e3q8)
2025-03-18 23:17:54,833 Error processing E:/Project/S32/06-零件报告/MDL/外制/敏实/S32-88-右后门导轨总成-K700218860-MDL-2025-02-25.xls: (sqlite3.OperationalError) table "ET0" already exists
[SQL: 
CREATE TABLE "ET0" (
	"index" BIGINT, 
	"零件号" TEXT, 
	"类型" TEXT, 
	"编号" TEXT, 
	"序号" TEXT, 
	"上公差" TEXT, 
	"下公差" TEXT, 
	"零件1" TEXT, 
	"零件2" TEXT, 
	"零件3" TEXT, 
	"零件4" TEXT
)

]
(Background on this error at: https://sqlalche.me/e/20/e3q8)
2025-03-18 23:17:54,835 Error processing 88 card: (sqlite3.OperationalError) table "ET0" already exists
[SQL: 
CREATE TABLE "ET0" (
	"index" BIGINT, 
	"零件号" TEXT, 
	"类型" TEXT, 
	"编号" TEXT, 
	"序号" TEXT, 
	"上公差" TEXT, 
	"下公差" TEXT, 
	"零件1" TEXT, 
	"零件2" TEXT, 
	"零件3" TEXT, 
	"零件4" TEXT
)

]
(Background on this error at: https://sqlalche.me/e/20/e3q8)
2025-03-18 23:17:54,835 Error processing E:/Project/S32/06-零件报告/MDL/外制/敏实/S32-88-左前门导轨总成-K700210560 -MDL-2025-02-25.xls: (sqlite3.OperationalError) table "ET0" already exists
[SQL: 
CREATE TABLE "ET0" (
	"index" BIGINT, 
	"零件号" TEXT, 
	"类型" TEXT, 
	"编号" TEXT, 
	"序号" TEXT, 
	"上公差" TEXT, 
	"下公差" TEXT, 
	"零件1" TEXT, 
	"零件2" TEXT, 
	"零件3" TEXT, 
	"零件4" TEXT
)

]
(Background on this error at: https://sqlalche.me/e/20/e3q8)
2025-03-18 23:25:12,673 Version: 1 1
2025-03-18 23:25:12,687 Version: 1 1
2025-03-18 23:25:12,745 [b',\x88Wk\x1cl>">R\xe6\xaa\x93\x0e\x9aF', b',\x88Wk\x1cl>">R\xe6\xaa\x93\x0e\x9aF']
2025-03-18 23:25:12,745 [b'wQ^\xaf\x96s\xf48\x1eVKX\xfd\x0e7\xc2', b'wQ^\xaf\x96s\xf48\x1eVKX\xfd\x0e7\xc2']
